0 info it worked if it ends with ok
1 verbose cli [ '/usr/local/bin/node', '/usr/local/bin/npm', 'start' ]
2 info using npm@4.0.5
3 info using node@v7.4.0
4 verbose run-script [ 'prestart', 'start', 'poststart' ]
5 info lifecycle MyReactNativeApp@0.0.1~prestart: MyReactNativeApp@0.0.1
6 silly lifecycle MyReactNativeApp@0.0.1~prestart: no script for prestart, continuing
7 info lifecycle MyReactNativeApp@0.0.1~start: MyReactNativeApp@0.0.1
8 verbose lifecycle MyReactNativeApp@0.0.1~start: unsafe-perm in lifecycle true
9 verbose lifecycle MyReactNativeApp@0.0.1~start: PATH: /usr/local/lib/node_modules/npm/bin/node-gyp-bin:/media/zhao/develop/react/android-integer-react/node_modules/.bin:/home/zhao/bin:/home/zhao/Android/Sdk:/usr/local/and_studio/android-studio/bin:/usr/lib/jvm/jdk1.8.0_112/bin:/usr/local/sbin:/usr/local/bin:/usr/sbin:/usr/bin:/sbin:/bin:/usr/games:/usr/local/games
10 verbose lifecycle MyReactNativeApp@0.0.1~start: CWD: /media/zhao/develop/react/android-integer-react
11 silly lifecycle MyReactNativeApp@0.0.1~start: Args: [ '-c',
11 silly lifecycle   'node node_modules/react-native/local-cli/cli.js start' ]
12 silly lifecycle MyReactNativeApp@0.0.1~start: Returned: code: 11  signal: null
13 info lifecycle MyReactNativeApp@0.0.1~start: Failed to exec start script
14 verbose stack Error: MyReactNativeApp@0.0.1 start: `node node_modules/react-native/local-cli/cli.js start`
14 verbose stack Exit status 11
14 verbose stack     at EventEmitter.<anonymous> (/usr/local/lib/node_modules/npm/lib/utils/lifecycle.js:279:16)
14 verbose stack     at emitTwo (events.js:106:13)
14 verbose stack     at EventEmitter.emit (events.js:191:7)
14 verbose stack     at ChildProcess.<anonymous> (/usr/local/lib/node_modules/npm/lib/utils/spawn.js:40:14)
14 verbose stack     at emitTwo (events.js:106:13)
14 verbose stack     at ChildProcess.emit (events.js:191:7)
14 verbose stack     at maybeClose (internal/child_process.js:885:16)
14 verbose stack     at Process.ChildProcess._handle.onexit (internal/child_process.js:226:5)
15 verbose pkgid MyReactNativeApp@0.0.1
16 verbose cwd /media/zhao/develop/react/android-integer-react
17 error Linux 3.13.0-132-generic
18 error argv "/usr/local/bin/node" "/usr/local/bin/npm" "start"
19 error node v7.4.0
20 error npm  v4.0.5
21 error code ELIFECYCLE
22 error MyReactNativeApp@0.0.1 start: `node node_modules/react-native/local-cli/cli.js start`
22 error Exit status 11
23 error Failed at the MyReactNativeApp@0.0.1 start script 'node node_modules/react-native/local-cli/cli.js start'.
23 error Make sure you have the latest version of node.js and npm installed.
23 error If you do, this is most likely a problem with the MyReactNativeApp package,
23 error not with npm itself.
23 error Tell the author that this fails on your system:
23 error     node node_modules/react-native/local-cli/cli.js start
23 error You can get information on how to open an issue for this project with:
23 error     npm bugs MyReactNativeApp
23 error Or if that isn't available, you can get their info via:
23 error     npm owner ls MyReactNativeApp
23 error There is likely additional logging output above.
24 verbose exit [ 1, true ]
